[debug] [2021-05-24T15:33:38.495Z] ----------------------------------------------------------------------
[debug] [2021-05-24T15:33:38.496Z] Command:       /usr/local/bin/node /usr/local/bin/firebase init
[debug] [2021-05-24T15:33:38.496Z] CLI Version:   9.11.0
[debug] [2021-05-24T15:33:38.497Z] Platform:      linux
[debug] [2021-05-24T15:33:38.497Z] Node Version:  v12.14.0
[debug] [2021-05-24T15:33:38.497Z] Time:          Mon May 24 2021 21:03:38 GMT+0530 (India Standard Time)
[debug] [2021-05-24T15:33:38.497Z] ----------------------------------------------------------------------
[debug] 
[debug] [2021-05-24T15:33:38.507Z] > command requires scopes: ["email","openid","https://www.googleapis.com/auth/cloudplatformprojects.readonly","https://www.googleapis.com/auth/firebase","https://www.googleapis.com/auth/cloud-platform"]
[debug] [2021-05-24T15:33:38.507Z] > authorizing via signed-in user (vaibhavilokegaonkar@gmail.com)
[info] 
     ######## #### ########  ######## ########     ###     ######  ########
     ##        ##  ##     ## ##       ##     ##  ##   ##  ##       ##
     ######    ##  ########  ######   ########  #########  ######  ######
     ##        ##  ##    ##  ##       ##     ## ##     ##       ## ##
     ##       #### ##     ## ######## ########  ##     ##  ######  ########

You're about to initialize a Firebase project in this directory:

  /home/vaibhavi/Desktop/Projects/ReactTutorial/FacebookClone/facebookclone

[info] 
=== Project Setup
[info] 
[info] First, let's associate this project directory with a Firebase project.
[info] You can create multiple project aliases by running firebase use --add, 
[info] but for now we'll just set up a default project.
[info] 
[debug] [2021-05-24T15:34:18.134Z] >>> [apiv2][query] GET https://firebase.googleapis.com/v1beta1/projects pageSize=100
[debug] [2021-05-24T15:34:19.348Z] <<< [apiv2][status] GET https://firebase.googleapis.com/v1beta1/projects 200
[debug] [2021-05-24T15:34:19.349Z] <<< [apiv2][body] GET https://firebase.googleapis.com/v1beta1/projects [omitted]
[info] i  Using project facebookclone-af46c (facebookclone) 
[info] 
=== Hosting Setup
[info] 
[info] Your public directory is the folder (relative to your project directory) that
[info] will contain Hosting assets to be uploaded with firebase deploy. If you
[info] have a build process for your assets, use your build's output directory.
[info] 
[debug] [2021-05-24T15:35:12.902Z] >>> [apiv2][query] GET https://www.gstatic.com/firebasejs/releases.json [none]
[debug] [2021-05-24T15:35:13.379Z] <<< [apiv2][status] GET https://www.gstatic.com/firebasejs/releases.json 200
[debug] [2021-05-24T15:35:13.380Z] <<< [apiv2][body] GET https://www.gstatic.com/firebasejs/releases.json {"current":{"version":"8.6.2","browserURL":"https://www.gstatic.com/firebasejs/8.6.2/firebase.js","packageURL":"https://www.gstatic.com/firebasejs/8.6.2/firebase.tgz"},"live":{"version":"8.6","browserURL":"https://www.gstatic.com/firebasejs/live/8.6/firebase.js","packageURL":"https://www.gstatic.com/firebasejs/live/8.6/firebase.tgz"},"components":{"analytics":"https://www.gstatic.com/firebasejs/8.6.2/firebase-analytics.js","app":"https://www.gstatic.com/firebasejs/8.6.2/firebase-app.js","app-check":"https://www.gstatic.com/firebasejs/8.6.2/firebase-app-check.js","auth":"https://www.gstatic.com/firebasejs/8.6.2/firebase-auth.js","database":"https://www.gstatic.com/firebasejs/8.6.2/firebase-database.js","firestore":"https://www.gstatic.com/firebasejs/8.6.2/firebase-firestore.js","functions":"https://www.gstatic.com/firebasejs/8.6.2/firebase-functions.js","installations":"https://www.gstatic.com/firebasejs/8.6.2/firebase-installations.js","messaging":"https://www.gstatic.com/firebasejs/8.6.2/firebase-messaging.js","storage":"https://www.gstatic.com/firebasejs/8.6.2/firebase-storage.js","performance":"https://www.gstatic.com/firebasejs/8.6.2/firebase-performance.js","remote-config":"https://www.gstatic.com/firebasejs/8.6.2/firebase-remote-config.js","firestore.memory":"https://www.gstatic.com/firebasejs/8.6.2/firebase-firestore.memory.js"}}
[info] ✔  Wrote build/index.html 
[info] 
[info] i  Detected a .git folder at /home/vaibhavi/Desktop/Projects/ReactTutorial/FacebookClone 
[info] i  Authorizing with GitHub to upload your service account to a GitHub repository's secrets store. 
[info] 
[info] Visit this URL on this device to log in:
[info] https://github.com/login/oauth/authorize?client_id=89cf50f02ac6aaed3484&state=1030251444&redirect_uri=http%3A%2F%2Flocalhost%3A9005&scope=read%3Auser%20repo%20public_repo
[info] 
[info] Waiting for authentication...
[debug] [2021-05-24T15:35:23.275Z] >>> HTTP REQUEST POST https://github.com/login/oauth/access_token  
 {"client_id":"89cf50f02ac6aaed3484","client_secret":"3330d14abc895d9a74d5f17cd7a00711fa2c5bf0","code":"d9728e563003a322f435","redirect_uri":"http://localhost:9005","state":"1030251444"}
[debug] [2021-05-24T15:35:23.588Z] <<< HTTP RESPONSE 200 {"server":"GitHub.com","date":"Mon, 24 May 2021 15:35:23 GMT","content-type":"application/json; charset=utf-8","transfer-encoding":"chunked","vary":"X-PJAX, Accept-Encoding, Accept, X-Requested-With","permissions-policy":"interest-cohort=()","etag":"W/\"b8955d1b62744c82000bf145f2de8bfe\"","cache-control":"max-age=0, private, must-revalidate","strict-transport-security":"max-age=31536000; includeSubdomains; preload","x-frame-options":"deny","x-content-type-options":"nosniff","x-xss-protection":"0","referrer-policy":"origin-when-cross-origin, strict-origin-when-cross-origin","expect-ct":"max-age=2592000, report-uri=\"https://api.github.com/_private/browser/errors\"","content-security-policy":"default-src 'none'; base-uri 'self'; block-all-mixed-content; connect-src 'self' uploads.github.com www.githubstatus.com collector.githubapp.com api.github.com github-cloud.s3.amazonaws.com github-production-repository-file-5c1aeb.s3.amazonaws.com github-production-upload-manifest-file-7fdce7.s3.amazonaws.com github-production-user-asset-6210df.s3.amazonaws.com cdn.optimizely.com logx.optimizely.com/v1/events wss://alive.github.com; font-src github.githubassets.com; form-action 'self' github.com gist.github.com; frame-ancestors 'none'; frame-src render.githubusercontent.com; img-src 'self' data: github.githubassets.com identicons.github.com collector.githubapp.com github-cloud.s3.amazonaws.com secured-user-images.githubusercontent.com/ *.githubusercontent.com; manifest-src 'self'; media-src 'none'; script-src github.githubassets.com; style-src 'unsafe-inline' github.githubassets.com; worker-src github.com/socket-worker-3f088aa2.js gist.github.com/socket-worker-3f088aa2.js","x-github-request-id":"D38A:7F79:8A6EAF:9772AC:60ABC7BB"}
[debug] [2021-05-24T15:35:23.591Z] >>> [apiv2][query] GET https://api.github.com/user [none]
[debug] [2021-05-24T15:35:24.082Z] <<< [apiv2][status] GET https://api.github.com/user 200
[debug] [2021-05-24T15:35:24.082Z] <<< [apiv2][body] GET https://api.github.com/user {"login":"Vaibhavi1707","id":53178543,"node_id":"MDQ6VXNlcjUzMTc4NTQz","avatar_url":"https://avatars.githubusercontent.com/u/53178543?v=4","gravatar_id":"","url":"https://api.github.com/users/Vaibhavi1707","html_url":"https://github.com/Vaibhavi1707","followers_url":"https://api.github.com/users/Vaibhavi1707/followers","following_url":"https://api.github.com/users/Vaibhavi1707/following{/other_user}","gists_url":"https://api.github.com/users/Vaibhavi1707/gists{/gist_id}","starred_url":"https://api.github.com/users/Vaibhavi1707/starred{/owner}{/repo}","subscriptions_url":"https://api.github.com/users/Vaibhavi1707/subscriptions","organizations_url":"https://api.github.com/users/Vaibhavi1707/orgs","repos_url":"https://api.github.com/users/Vaibhavi1707/repos","events_url":"https://api.github.com/users/Vaibhavi1707/events{/privacy}","received_events_url":"https://api.github.com/users/Vaibhavi1707/received_events","type":"User","site_admin":false,"name":"Vaibhavi Lokegaonkar","company":null,"blog":"https://vaibhavi1707.github.io/","location":"IIIT Bangalore","email":null,"hireable":null,"bio":null,"twitter_username":null,"public_repos":24,"public_gists":0,"followers":56,"following":83,"created_at":"2019-07-22T11:52:21Z","updated_at":"2021-05-24T15:35:22Z","private_gists":0,"total_private_repos":3,"owned_private_repos":3,"disk_usage":4632,"collaborators":3,"two_factor_authentication":false,"plan":{"name":"pro","space":976562499,"collaborators":0,"private_repos":9999}}
[info] 
[info] ✔  Success! Logged into GitHub as Vaibhavi1707 
[info] 
